<?xml version="1.0" encoding="UTF-8"?>
<testng-results ignored="0" total="6" passed="4" failed="2" skipped="0">
  <reporter-output>
  </reporter-output>
  <suite started-at="2021-04-18T06:38:11Z" name="Factory Profile Modify" finished-at="2021-04-18T06:38:41Z" duration-ms="29997">
    <groups>
    </groups>
    <test started-at="2021-04-18T06:38:11Z" name="Test on FireFox" finished-at="2021-04-18T06:38:28Z" duration-ms="16462">
      <class name="tiktzuki.selenium_grid.testcases.delete_user.TestDeleteUser">
        <test-method is-config="true" signature="setup(java.lang.String, java.lang.String, java.lang.String, java.lang.String)[pri:0, instance:tiktzuki.selenium_grid.testcases.delete_user.TestDeleteUser@527e5409]" started-at="2021-04-18T06:38:11Z" name="setup" finished-at="2021-04-18T06:38:16Z" duration-ms="4908" status="PASS">
          <params>
            <param index="0">
              <value>
                <![CDATA[windows]]>
              </value>
            </param>
            <param index="1">
              <value>
                <![CDATA[firefox]]>
              </value>
            </param>
            <param index="2">
              <value>
                <![CDATA[http://localhost:4200/]]>
              </value>
            </param>
            <param index="3">
              <value>
                <![CDATA[http://192.168.56.1:26611]]>
              </value>
            </param>
          </params>
          <reporter-output>
          </reporter-output>
        </test-method> <!-- setup -->
        <test-method signature="login()[pri:1, instance:tiktzuki.selenium_grid.testcases.delete_user.TestDeleteUser@527e5409]" started-at="2021-04-18T06:38:16Z" name="login" finished-at="2021-04-18T06:38:19Z" duration-ms="2385" status="PASS">
          <reporter-output>
          </reporter-output>
        </test-method> <!-- login -->
        <test-method signature="gotoManageUser()[pri:2, instance:tiktzuki.selenium_grid.testcases.delete_user.TestDeleteUser@527e5409]" started-at="2021-04-18T06:38:19Z" name="gotoManageUser" finished-at="2021-04-18T06:38:27Z" duration-ms="8519" status="PASS">
          <reporter-output>
          </reporter-output>
        </test-method> <!-- gotoManageUser -->
        <test-method signature="deleteUser()[pri:3, instance:tiktzuki.selenium_grid.testcases.delete_user.TestDeleteUser@527e5409]" started-at="2021-04-18T06:38:27Z" name="deleteUser" finished-at="2021-04-18T06:38:27Z" duration-ms="57" status="FAIL">
          <exception class="java.lang.NullPointerException">
            <message>
              <![CDATA[Cannot invoke "org.openqa.selenium.WebElement.click()" because the return value of "tiktzuki.selenium_grid.pages.ManagerUserPage.btnDeleteByUsername(org.openqa.selenium.WebDriver, String)" is null]]>
            </message>
            <full-stacktrace>
              <![CDATA[java.lang.NullPointerException: Cannot invoke "org.openqa.selenium.WebElement.click()" because the return value of "tiktzuki.selenium_grid.pages.ManagerUserPage.btnDeleteByUsername(org.openqa.selenium.WebDriver, String)" is null
at tiktzuki.selenium_grid.testcases.delete_user.TestDeleteUser.deleteUser(TestDeleteUser.java:51)
at java.base/jdk.internal.reflect.NativeMethodAccessorImpl.invoke0(Native Method)
at java.base/jdk.internal.reflect.NativeMethodAccessorImpl.invoke(NativeMethodAccessorImpl.java:62)
at java.base/jdk.internal.reflect.DelegatingMethodAccessorImpl.invoke(DelegatingMethodAccessorImpl.java:43)
at java.base/java.lang.reflect.Method.invoke(Method.java:564)
at org.testng.internal.MethodInvocationHelper.invokeMethod(MethodInvocationHelper.java:124)
at org.testng.internal.Invoker.invokeMethod(Invoker.java:583)
at org.testng.internal.Invoker.invokeTestMethod(Invoker.java:719)
at org.testng.internal.Invoker.invokeTestMethods(Invoker.java:989)
at org.testng.internal.TestMethodWorker.invokeTestMethods(TestMethodWorker.java:125)
at org.testng.internal.TestMethodWorker.run(TestMethodWorker.java:109)
at org.testng.TestRunner.privateRun(TestRunner.java:648)
at org.testng.TestRunner.run(TestRunner.java:505)
at org.testng.SuiteRunner.runTest(SuiteRunner.java:455)
at org.testng.SuiteRunner.runSequentially(SuiteRunner.java:450)
at org.testng.SuiteRunner.privateRun(SuiteRunner.java:415)
at org.testng.SuiteRunner.run(SuiteRunner.java:364)
at org.testng.SuiteRunnerWorker.runSuite(SuiteRunnerWorker.java:52)
at org.testng.SuiteRunnerWorker.run(SuiteRunnerWorker.java:84)
at org.testng.TestNG.runSuitesSequentially(TestNG.java:1208)
at org.testng.TestNG.runSuitesLocally(TestNG.java:1137)
at org.testng.TestNG.runSuites(TestNG.java:1049)
at org.testng.TestNG.run(TestNG.java:1017)
at org.testng.remote.AbstractRemoteTestNG.run(AbstractRemoteTestNG.java:115)
at org.testng.remote.RemoteTestNG.initAndRun(RemoteTestNG.java:251)
at org.testng.remote.RemoteTestNG.main(RemoteTestNG.java:77)
]]>
            </full-stacktrace>
          </exception> <!-- java.lang.NullPointerException -->
          <reporter-output>
          </reporter-output>
        </test-method> <!-- deleteUser -->
        <test-method is-config="true" signature="closeBrowser()[pri:0, instance:tiktzuki.selenium_grid.testcases.delete_user.TestDeleteUser@527e5409]" started-at="2021-04-18T06:38:27Z" name="closeBrowser" finished-at="2021-04-18T06:38:28Z" duration-ms="574" status="PASS">
          <reporter-output>
          </reporter-output>
        </test-method> <!-- closeBrowser -->
      </class> <!-- tiktzuki.selenium_grid.testcases.delete_user.TestDeleteUser -->
    </test> <!-- Test on FireFox -->
    <test started-at="2021-04-18T06:38:28Z" name="Test on Chrome" finished-at="2021-04-18T06:38:41Z" duration-ms="13488">
      <class name="tiktzuki.selenium_grid.testcases.delete_user.TestDeleteUser">
        <test-method is-config="true" signature="setup(java.lang.String, java.lang.String, java.lang.String, java.lang.String)[pri:0, instance:tiktzuki.selenium_grid.testcases.delete_user.TestDeleteUser@4278a03f]" started-at="2021-04-18T06:38:28Z" name="setup" finished-at="2021-04-18T06:38:31Z" duration-ms="2791" status="PASS">
          <params>
            <param index="0">
              <value>
                <![CDATA[windows]]>
              </value>
            </param>
            <param index="1">
              <value>
                <![CDATA[chrome]]>
              </value>
            </param>
            <param index="2">
              <value>
                <![CDATA[http://localhost:4200/]]>
              </value>
            </param>
            <param index="3">
              <value>
                <![CDATA[http://192.168.56.1:26611]]>
              </value>
            </param>
          </params>
          <reporter-output>
          </reporter-output>
        </test-method> <!-- setup -->
        <test-method signature="login()[pri:1, instance:tiktzuki.selenium_grid.testcases.delete_user.TestDeleteUser@4278a03f]" started-at="2021-04-18T06:38:31Z" name="login" finished-at="2021-04-18T06:38:33Z" duration-ms="2224" status="PASS">
          <reporter-output>
          </reporter-output>
        </test-method> <!-- login -->
        <test-method signature="gotoManageUser()[pri:2, instance:tiktzuki.selenium_grid.testcases.delete_user.TestDeleteUser@4278a03f]" started-at="2021-04-18T06:38:33Z" name="gotoManageUser" finished-at="2021-04-18T06:38:41Z" duration-ms="8340" status="PASS">
          <reporter-output>
          </reporter-output>
        </test-method> <!-- gotoManageUser -->
        <test-method signature="deleteUser()[pri:3, instance:tiktzuki.selenium_grid.testcases.delete_user.TestDeleteUser@4278a03f]" started-at="2021-04-18T06:38:41Z" name="deleteUser" finished-at="2021-04-18T06:38:41Z" duration-ms="82" status="FAIL">
          <exception class="java.lang.NullPointerException">
            <message>
              <![CDATA[Cannot invoke "org.openqa.selenium.WebElement.click()" because the return value of "tiktzuki.selenium_grid.pages.ManagerUserPage.btnDeleteByUsername(org.openqa.selenium.WebDriver, String)" is null]]>
            </message>
            <full-stacktrace>
              <![CDATA[java.lang.NullPointerException: Cannot invoke "org.openqa.selenium.WebElement.click()" because the return value of "tiktzuki.selenium_grid.pages.ManagerUserPage.btnDeleteByUsername(org.openqa.selenium.WebDriver, String)" is null
at tiktzuki.selenium_grid.testcases.delete_user.TestDeleteUser.deleteUser(TestDeleteUser.java:51)
at java.base/jdk.internal.reflect.NativeMethodAccessorImpl.invoke0(Native Method)
at java.base/jdk.internal.reflect.NativeMethodAccessorImpl.invoke(NativeMethodAccessorImpl.java:62)
at java.base/jdk.internal.reflect.DelegatingMethodAccessorImpl.invoke(DelegatingMethodAccessorImpl.java:43)
at java.base/java.lang.reflect.Method.invoke(Method.java:564)
at org.testng.internal.MethodInvocationHelper.invokeMethod(MethodInvocationHelper.java:124)
at org.testng.internal.Invoker.invokeMethod(Invoker.java:583)
at org.testng.internal.Invoker.invokeTestMethod(Invoker.java:719)
at org.testng.internal.Invoker.invokeTestMethods(Invoker.java:989)
at org.testng.internal.TestMethodWorker.invokeTestMethods(TestMethodWorker.java:125)
at org.testng.internal.TestMethodWorker.run(TestMethodWorker.java:109)
at org.testng.TestRunner.privateRun(TestRunner.java:648)
at org.testng.TestRunner.run(TestRunner.java:505)
at org.testng.SuiteRunner.runTest(SuiteRunner.java:455)
at org.testng.SuiteRunner.runSequentially(SuiteRunner.java:450)
at org.testng.SuiteRunner.privateRun(SuiteRunner.java:415)
at org.testng.SuiteRunner.run(SuiteRunner.java:364)
at org.testng.SuiteRunnerWorker.runSuite(SuiteRunnerWorker.java:52)
at org.testng.SuiteRunnerWorker.run(SuiteRunnerWorker.java:84)
at org.testng.TestNG.runSuitesSequentially(TestNG.java:1208)
at org.testng.TestNG.runSuitesLocally(TestNG.java:1137)
at org.testng.TestNG.runSuites(TestNG.java:1049)
at org.testng.TestNG.run(TestNG.java:1017)
at org.testng.remote.AbstractRemoteTestNG.run(AbstractRemoteTestNG.java:115)
at org.testng.remote.RemoteTestNG.initAndRun(RemoteTestNG.java:251)
at org.testng.remote.RemoteTestNG.main(RemoteTestNG.java:77)
]]>
            </full-stacktrace>
          </exception> <!-- java.lang.NullPointerException -->
          <reporter-output>
          </reporter-output>
        </test-method> <!-- deleteUser -->
        <test-method is-config="true" signature="closeBrowser()[pri:0, instance:tiktzuki.selenium_grid.testcases.delete_user.TestDeleteUser@4278a03f]" started-at="2021-04-18T06:38:41Z" name="closeBrowser" finished-at="2021-04-18T06:38:41Z" duration-ms="45" status="PASS">
          <reporter-output>
          </reporter-output>
        </test-method> <!-- closeBrowser -->
      </class> <!-- tiktzuki.selenium_grid.testcases.delete_user.TestDeleteUser -->
    </test> <!-- Test on Chrome -->
  </suite> <!-- Factory Profile Modify -->
</testng-results>
